  demo9.c
demo9.obj : error LNK2019: 无法解析的外部符号 add，函数 main 中引用了该符号
C:\Users\Marve1ous\Desktop\pg-clanguage-study\test_12_04\x64\Debug\test_12_04.exe : fatal error LNK1120: 1 个无法解析的外部命令
